<?xml version="1.0" encoding="UTF-8"?>
<!-- Generated by org.testng.reporters.JUnitReportReporter -->
<testsuite hostname="LAUP" failures="0" tests="5" name="com.dvops.maven.eclipse.KeyboardServletTest" time="1.391" errors="0" timestamp="2023-02-04T04:33:54 SGT" skipped="0">
  <testcase classname="com.dvops.maven.eclipse.KeyboardServletTest" name="testListKeyboard" time="0.093"/>
  <system-out/>
  <testcase classname="com.dvops.maven.eclipse.KeyboardServletTest" name="connectionErrors" time="0.019"/>
  <system-out/>
  <testcase classname="com.dvops.maven.eclipse.KeyboardServletTest" name="testGetConnection" time="0.478"/>
  <system-out/>
  <testcase classname="com.dvops.maven.eclipse.KeyboardServletTest" name="testDoGetHttpServletRequestHttpServletResponse" time="0.787"/>
  <system-out/>
  <testcase classname="com.dvops.maven.eclipse.KeyboardServletTest" name="SQLExceptionList" time="0.014"/>
  <system-out/>
</testsuite> <!-- com.dvops.maven.eclipse.KeyboardServletTest -->
