<?xml version="1.0" encoding="UTF-8"?>
<!-- Generated by org.testng.reporters.JUnitReportReporter -->
<testsuite hostname="LAUP" failures="0" tests="4" name="com.dvops.maven.eclipse.KeyboardJSPTest" time="1.269" errors="0" timestamp="2023-02-04T17:26:34 SGT" skipped="0">
  <testcase classname="com.dvops.maven.eclipse.KeyboardJSPTest" name="testRow" time="0.072"/>
  <system-out/>
  <testcase classname="com.dvops.maven.eclipse.KeyboardJSPTest" name="testNavBar" time="0.080"/>
  <system-out/>
  <testcase classname="com.dvops.maven.eclipse.KeyboardJSPTest" name="testCard" time="1.030"/>
  <system-out/>
  <testcase classname="com.dvops.maven.eclipse.KeyboardJSPTest" name="testContainer" time="0.087"/>
  <system-out/>
</testsuite> <!-- com.dvops.maven.eclipse.KeyboardJSPTest -->
