<?xml version="1.0" encoding="UTF-8"?>
<!-- Generated by org.testng.reporters.JUnitReportReporter -->
<testsuite hostname="LAUP" failures="0" tests="23" name="com.dvops.maven.eclipse.KeyboardCollectionTest" time="0.077" errors="0" timestamp="2023-02-05T19:49:27 SGT" skipped="0">
  <testcase classname="com.dvops.maven.eclipse.KeyboardCollectionTest" name="testEquals_NotKeyboard" time="0.001"/>
  <system-out/>
  <testcase classname="com.dvops.maven.eclipse.KeyboardCollectionTest" name="testFindKeyboardByName_Fail" time="0.002"/>
  <system-out/>
  <testcase classname="com.dvops.maven.eclipse.KeyboardCollectionTest" name="testAddKeyboard" time="0.004"/>
  <system-out/>
  <testcase classname="com.dvops.maven.eclipse.KeyboardCollectionTest" name="testSetId" time="0.002"/>
  <system-out/>
  <testcase classname="com.dvops.maven.eclipse.KeyboardCollectionTest" name="testEquals_False" time="0.002"/>
  <system-out/>
  <testcase classname="com.dvops.maven.eclipse.KeyboardCollectionTest" name="testSetSwitch" time="0.001"/>
  <system-out/>
  <testcase classname="com.dvops.maven.eclipse.KeyboardCollectionTest" name="testEquals_True" time="0.001"/>
  <system-out/>
  <testcase classname="com.dvops.maven.eclipse.KeyboardCollectionTest" name="testSortKeyboardsByPrice" time="0.002"/>
  <system-out/>
  <testcase classname="com.dvops.maven.eclipse.KeyboardCollectionTest" name="testFindKeyboardbyId_Fail" time="0.002"/>
  <system-out/>
  <testcase classname="com.dvops.maven.eclipse.KeyboardCollectionTest" name="testGetKeyboard" time="0.001"/>
  <system-out/>
  <testcase classname="com.dvops.maven.eclipse.KeyboardCollectionTest" name="testHash_False" time="0.000"/>
  <system-out/>
  <testcase classname="com.dvops.maven.eclipse.KeyboardCollectionTest" name="testSortKeyboardsByName" time="0.001"/>
  <system-out/>
  <testcase classname="com.dvops.maven.eclipse.KeyboardCollectionTest" name="testFindKeyboardbyName" time="0.001"/>
  <system-out/>
  <testcase classname="com.dvops.maven.eclipse.KeyboardCollectionTest" name="testSetImage" time="0.041"/>
  <system-out/>
  <testcase classname="com.dvops.maven.eclipse.KeyboardCollectionTest" name="testSetPassthrough" time="0.002"/>
  <system-out/>
  <testcase classname="com.dvops.maven.eclipse.KeyboardCollectionTest" name="keyboardAddEqualTest" time="0.007"/>
  <system-out/>
  <testcase classname="com.dvops.maven.eclipse.KeyboardCollectionTest" name="testSetKeycaps" time="0.001"/>
  <system-out/>
  <testcase classname="com.dvops.maven.eclipse.KeyboardCollectionTest" name="testHash_True" time="0.001"/>
  <system-out/>
  <testcase classname="com.dvops.maven.eclipse.KeyboardCollectionTest" name="testFindKeyboardbyId" time="0.001"/>
  <system-out/>
  <testcase classname="com.dvops.maven.eclipse.KeyboardCollectionTest" name="testSetPrice" time="0.002"/>
  <system-out/>
  <testcase classname="com.dvops.maven.eclipse.KeyboardCollectionTest" name="testSetRating" time="0.001"/>
  <system-out/>
  <testcase classname="com.dvops.maven.eclipse.KeyboardCollectionTest" name="testSetBacklight" time="0.001"/>
  <system-out/>
  <testcase classname="com.dvops.maven.eclipse.KeyboardCollectionTest" name="testSetName" time="0.000"/>
  <system-out/>
</testsuite> <!-- com.dvops.maven.eclipse.KeyboardCollectionTest -->
