<?xml version="1.0" encoding="UTF-8"?>
<!-- Generated by org.testng.reporters.JUnitReportReporter -->
<testsuite hostname="LAUP" failures="0" tests="4" name="com.dvops.maven.eclipse.KeyboardJSPTest" time="1.764" errors="0" timestamp="2023-02-03T16:21:19 SGT" skipped="0">
  <testcase classname="com.dvops.maven.eclipse.KeyboardJSPTest" name="testCard" time="1.563"/>
  <system-out/>
  <testcase classname="com.dvops.maven.eclipse.KeyboardJSPTest" name="testNavBar" time="0.069"/>
  <system-out/>
  <testcase classname="com.dvops.maven.eclipse.KeyboardJSPTest" name="testRow" time="0.059"/>
  <system-out/>
  <testcase classname="com.dvops.maven.eclipse.KeyboardJSPTest" name="testContainer" time="0.073"/>
  <system-out/>
</testsuite> <!-- com.dvops.maven.eclipse.KeyboardJSPTest -->
