<?xml version="1.0" encoding="UTF-8"?>
<!-- Generated by org.testng.reporters.JUnitReportReporter -->
<testsuite hostname="LAUP" failures="0" tests="4" name="com.dvops.maven.eclipse.KeyboardJSPTest" time="1.463" errors="0" timestamp="2023-02-05T19:49:57 SGT" skipped="0">
  <testcase classname="com.dvops.maven.eclipse.KeyboardJSPTest" name="testCard" time="1.119"/>
  <system-out/>
  <testcase classname="com.dvops.maven.eclipse.KeyboardJSPTest" name="testNavBar" time="0.111"/>
  <system-out/>
  <testcase classname="com.dvops.maven.eclipse.KeyboardJSPTest" name="testContainer" time="0.121"/>
  <system-out/>
  <testcase classname="com.dvops.maven.eclipse.KeyboardJSPTest" name="testRow" time="0.112"/>
  <system-out/>
</testsuite> <!-- com.dvops.maven.eclipse.KeyboardJSPTest -->
