<?xml version="1.0" encoding="UTF-8"?>
<!-- Generated by org.testng.reporters.JUnitReportReporter -->
<testsuite hostname="LAUP" failures="0" tests="3" name="com.dvops.maven.eclipse.KeyboardServletTest" time="0.843" errors="0" timestamp="2023-02-05T19:49:58 SGT" skipped="0">
  <testcase classname="com.dvops.maven.eclipse.KeyboardServletTest" name="testListKeyboard" time="0.078"/>
  <system-out/>
  <testcase classname="com.dvops.maven.eclipse.KeyboardServletTest" name="testDoGetHttpServletRequestHttpServletResponse" time="0.434"/>
  <system-out/>
  <testcase classname="com.dvops.maven.eclipse.KeyboardServletTest" name="testGetConnection" time="0.331"/>
  <system-out/>
</testsuite> <!-- com.dvops.maven.eclipse.KeyboardServletTest -->
